To honour the JVM settings for this build a single-use Daemon process will be forked. See https://docs.gradle.org/8.1.1/userguide/gradle_daemon.html#sec:disabling_the_daemon.
Daemon will be stopped at the end of the build 

> Configure project :
MixinGradle did not locate the diffplug APT plugin, skipping eclipse task configuration
Java: 17.0.11, JVM: 17.0.11+9-LTS (Microsoft), Arch: amd64

Path for java installation 'C:\Users\cshaw\.jdks\JetBrainsRuntime-jbr21' (IntelliJ IDEA) does not contain a java executable

> Task :downloadMcpConfig
> Task :extractSrg
> Task :createMcpToSrg

> Task :compileJava
ę³Ø: SpongePowered MIXIN Annotation Processor Version=0.8.5 (MixinGradle Version=0.7)
ę³Ø: Supported obfuscation types: ObfuscationServiceMCP supports [notch] ObfuscationServiceFG3 supports [searge]
ę³Ø: Writing refmap to D:\god-damn-repackager\build\tmp\compileJava\compileJava-refmap.json
ę³Ø: Writing refmap to D:\god-damn-repackager\build\tmp\compileJava\compileJava-refmap.json
ę³Ø: Writing searge composite mappings to D:\god-damn-repackager\build\tmp\compileJava\compileJava-mappings.tsrg
ę³Ø: Writing refmap to D:\god-damn-repackager\build\tmp\compileJava\compileJava-refmap.json
ę³Ø: Writing refmap to D:\god-damn-repackager\build\tmp\compileJava\compileJava-refmap.json
ę³Ø: Writing searge composite mappings to D:\god-damn-repackager\build\tmp\compileJava\compileJava-mappings.tsrg

> Task :addMixinsToJar
> Task :processResources UP-TO-DATE
> Task :classes
> Task :jar
> Task :configureReobfTaskForReobfJar
> Task :reobfJar
> Task :configureReobfTaskForReobfJarJar
> Task :addMixinsToJarJar
> Task :jarJar SKIPPED
> Task :reobfJarJar SKIPPED
> Task :assemble
> Task :compileTestJava NO-SOURCE
> Task :processTestResources NO-SOURCE
> Task :testClasses UP-TO-DATE
> Task :test NO-SOURCE
> Task :check UP-TO-DATE
> Task :build

BUILD SUCCESSFUL in 31s
11 actionable tasks: 10 executed, 1 up-to-date
